#! /usr/bin/vvp
:ivl_version "11.0 (stable)";
:ivl_delay_selection "TYPICAL";
:vpi_time_precision - 12;
:vpi_module "/usr/lib/x86_64-linux-gnu/ivl/system.vpi";
:vpi_module "/usr/lib/x86_64-linux-gnu/ivl/vhdl_sys.vpi";
:vpi_module "/usr/lib/x86_64-linux-gnu/ivl/vhdl_textio.vpi";
:vpi_module "/usr/lib/x86_64-linux-gnu/ivl/v2005_math.vpi";
:vpi_module "/usr/lib/x86_64-linux-gnu/ivl/va_math.vpi";
S_0x55de7bef17a0 .scope module, "testbench" "testbench" 2 79;
 .timescale -9 -12;
v0x55de7bf22140_0 .var "A", 15 0;
v0x55de7bf22220_0 .net "ALUout", 15 0, v0x55de7bf20d70_0;  1 drivers
v0x55de7bf22310_0 .var "B", 15 0;
v0x55de7bf223e0_0 .net "CARRYout", 0 0, v0x55de7bf20f20_0;  1 drivers
v0x55de7bf224b0_0 .net "MULTout", 31 0, v0x55de7bf20fe0_0;  1 drivers
v0x55de7bf22550_0 .var "inCarry", 0 0;
v0x55de7bf225f0_0 .var "opcode", 3 0;
S_0x55de7bef0f40 .scope module, "uut" "ALU16" 2 87, 2 16 0, S_0x55de7bef17a0;
 .timescale -9 -12;
    .port_info 0 /INPUT 4 "opcode";
    .port_info 1 /INPUT 16 "A";
    .port_info 2 /INPUT 16 "B";
    .port_info 3 /INPUT 1 "inCarry";
    .port_info 4 /OUTPUT 16 "ALUout";
    .port_info 5 /OUTPUT 1 "CARRYout";
    .port_info 6 /OUTPUT 32 "MULTout";
    .port_info 7 /OUTPUT 32 "REMAINDERout";
v0x55de7bf20cb0_0 .net "A", 15 0, v0x55de7bf22140_0;  1 drivers
v0x55de7bf20d70_0 .var "ALUout", 15 0;
v0x55de7bf20e50_0 .net "B", 15 0, v0x55de7bf22310_0;  1 drivers
v0x55de7bf20f20_0 .var "CARRYout", 0 0;
v0x55de7bf20fe0_0 .var "MULTout", 31 0;
v0x55de7bf21110_0 .var "REMAINDERout", 31 0;
v0x55de7bf211f0_0 .net "addw", 15 0, L_0x55de7bf22760;  1 drivers
v0x55de7bf212b0_0 .net "andw", 15 0, L_0x55de7bf22b80;  1 drivers
v0x55de7bf21380_0 .net "boSubw", 0 0, v0x55de7bf1fef0_0;  1 drivers
v0x55de7bf21450_0 .net "coAddw", 0 0, L_0x55de7bf226c0;  1 drivers
v0x55de7bf21520_0 .net "divisionw", 15 0, L_0x55de7bf32f10;  1 drivers
v0x55de7bf215f0_0 .net "inCarry", 0 0, v0x55de7bf22550_0;  1 drivers
v0x55de7bf21690_0 .net "multiplicationw", 31 0, L_0x55de7bf33740;  1 drivers
v0x55de7bf21760_0 .net "nandw", 15 0, L_0x55de7bf33990;  1 drivers
v0x55de7bf21830_0 .net "norw", 15 0, L_0x55de7bf33b10;  1 drivers
v0x55de7bf21900_0 .net "notw", 15 0, L_0x55de7bf33c20;  1 drivers
v0x55de7bf219d0_0 .net "opcode", 3 0, v0x55de7bf225f0_0;  1 drivers
v0x55de7bf21b80_0 .net "orw", 15 0, L_0x55de7bf33d20;  1 drivers
v0x55de7bf21c50_0 .net "remainderw", 15 0, L_0x55de7bf33000;  1 drivers
v0x55de7bf21d20_0 .net "shifterw", 15 0, L_0x55de7bf341b0;  1 drivers
v0x55de7bf21df0_0 .net "subtractw", 15 0, v0x55de7bf1fd40_0;  1 drivers
v0x55de7bf21ec0_0 .net "xnorw", 15 0, L_0x55de7bf34400;  1 drivers
v0x55de7bf21f90_0 .net "xorw", 15 0, L_0x55de7bf34510;  1 drivers
E_0x55de7bece3b0/0 .event edge, v0x55de7bf219d0_0, v0x55de7bf1c760_0, v0x55de7bf1dcd0_0, v0x55de7bf1ed50_0;
E_0x55de7bece3b0/1 .event edge, v0x55de7bf1e220_0, v0x55de7bf20b70_0, v0x55de7bf20580_0, v0x55de7bf1e810_0;
E_0x55de7bece3b0/2 .event edge, v0x55de7bf1f7c0_0, v0x55de7bf1b8d0_0, v0x55de7bf1ba70_0, v0x55de7bf1fd40_0;
E_0x55de7bece3b0/3 .event edge, v0x55de7bf1fef0_0, v0x55de7bf1d310_0, v0x55de7bf1cbf0_0, v0x55de7bf1cdc0_0;
E_0x55de7bece3b0 .event/or E_0x55de7bece3b0/0, E_0x55de7bece3b0/1, E_0x55de7bece3b0/2, E_0x55de7bece3b0/3;
S_0x55de7be80cf0 .scope module, "add16" "add16" 2 29, 3 3 0, S_0x55de7bef0f40;
 .timescale -9 -12;
    .port_info 0 /INPUT 16 "A";
    .port_info 1 /INPUT 16 "B";
    .port_info 2 /INPUT 1 "inCarry";
    .port_info 3 /OUTPUT 1 "CARRYout";
    .port_info 4 /OUTPUT 16 "ALUout";
v0x55de7be80e80_0 .net "A", 15 0, v0x55de7bf22140_0;  alias, 1 drivers
v0x55de7bf1b8d0_0 .net "ALUout", 15 0, L_0x55de7bf22760;  alias, 1 drivers
v0x55de7bf1b9b0_0 .net "B", 15 0, v0x55de7bf22310_0;  alias, 1 drivers
v0x55de7bf1ba70_0 .net "CARRYout", 0 0, L_0x55de7bf226c0;  alias, 1 drivers
L_0x7fcd4f151060 .functor BUFT 1, C4<0>, C4<0>, C4<0>, C4<0>;
v0x55de7bf1bb30_0 .net *"_ivl_10", 0 0, L_0x7fcd4f151060;  1 drivers
v0x55de7bf1bc60_0 .net *"_ivl_11", 16 0, L_0x55de7bf22ae0;  1 drivers
v0x55de7bf1bd40_0 .net *"_ivl_13", 16 0, L_0x55de7bf22c90;  1 drivers
L_0x7fcd4f1510a8 .functor BUFT 1, C4<0000000000000000>, C4<0>, C4<0>, C4<0>;
v0x55de7bf1be20_0 .net *"_ivl_16", 15 0, L_0x7fcd4f1510a8;  1 drivers
v0x55de7bf1bf00_0 .net *"_ivl_17", 16 0, L_0x55de7bf32dd0;  1 drivers
v0x55de7bf1bfe0_0 .net *"_ivl_3", 16 0, L_0x55de7bf228a0;  1 drivers
L_0x7fcd4f151018 .functor BUFT 1, C4<0>, C4<0>, C4<0>, C4<0>;
v0x55de7bf1c0c0_0 .net *"_ivl_6", 0 0, L_0x7fcd4f151018;  1 drivers
v0x55de7bf1c1a0_0 .net *"_ivl_7", 16 0, L_0x55de7bf22990;  1 drivers
v0x55de7bf1c280_0 .net "inCarry", 0 0, v0x55de7bf22550_0;  alias, 1 drivers
L_0x55de7bf226c0 .part L_0x55de7bf32dd0, 16, 1;
L_0x55de7bf22760 .part L_0x55de7bf32dd0, 0, 16;
L_0x55de7bf228a0 .concat [ 16 1 0 0], v0x55de7bf22140_0, L_0x7fcd4f151018;
L_0x55de7bf22990 .concat [ 16 1 0 0], v0x55de7bf22310_0, L_0x7fcd4f151060;
L_0x55de7bf22ae0 .arith/sum 17, L_0x55de7bf228a0, L_0x55de7bf22990;
L_0x55de7bf22c90 .concat [ 1 16 0 0], v0x55de7bf22550_0, L_0x7fcd4f1510a8;
L_0x55de7bf32dd0 .arith/sum 17, L_0x55de7bf22ae0, L_0x55de7bf22c90;
S_0x55de7bf1c3e0 .scope module, "and16" "and16" 2 35, 4 3 0, S_0x55de7bef0f40;
 .timescale -9 -12;
    .port_info 0 /INPUT 16 "A";
    .port_info 1 /INPUT 16 "B";
    .port_info 2 /OUTPUT 16 "Z";
L_0x55de7bf22b80 .functor AND 16, v0x55de7bf22140_0, v0x55de7bf22310_0, C4<1111111111111111>, C4<1111111111111111>;
v0x55de7bf1c5e0_0 .net "A", 15 0, v0x55de7bf22140_0;  alias, 1 drivers
v0x55de7bf1c6c0_0 .net "B", 15 0, v0x55de7bf22310_0;  alias, 1 drivers
v0x55de7bf1c760_0 .net "Z", 15 0, L_0x55de7bf22b80;  alias, 1 drivers
S_0x55de7bf1c880 .scope module, "division16" "division16" 2 32, 5 3 0, S_0x55de7bef0f40;
 .timescale -9 -12;
    .port_info 0 /INPUT 16 "A";
    .port_info 1 /INPUT 16 "B";
    .port_info 2 /OUTPUT 16 "ALUout";
    .port_info 3 /OUTPUT 16 "REMAINDERout";
v0x55de7bf1cb00_0 .net "A", 15 0, v0x55de7bf22140_0;  alias, 1 drivers
v0x55de7bf1cbf0_0 .net "ALUout", 15 0, L_0x55de7bf32f10;  alias, 1 drivers
v0x55de7bf1ccd0_0 .net "B", 15 0, v0x55de7bf22310_0;  alias, 1 drivers
v0x55de7bf1cdc0_0 .net "REMAINDERout", 15 0, L_0x55de7bf33000;  alias, 1 drivers
L_0x55de7bf32f10 .arith/div 16, v0x55de7bf22140_0, v0x55de7bf22310_0;
L_0x55de7bf33000 .arith/mod 16, v0x55de7bf22140_0, v0x55de7bf22310_0;
S_0x55de7bf1cf20 .scope module, "multiplication16" "multiplication16" 2 33, 6 3 0, S_0x55de7bef0f40;
 .timescale -9 -12;
    .port_info 0 /INPUT 16 "A";
    .port_info 1 /INPUT 16 "B";
    .port_info 2 /OUTPUT 32 "MULTout";
v0x55de7bf1d170_0 .net "A", 15 0, v0x55de7bf22140_0;  alias, 1 drivers
v0x55de7bf1d250_0 .net "B", 15 0, v0x55de7bf22310_0;  alias, 1 drivers
v0x55de7bf1d310_0 .net "MULTout", 31 0, L_0x55de7bf33740;  alias, 1 drivers
v0x55de7bf1d3d0_0 .net *"_ivl_0", 31 0, L_0x55de7bf33510;  1 drivers
L_0x7fcd4f1510f0 .functor BUFT 1, C4<0000000000000000>, C4<0>, C4<0>, C4<0>;
v0x55de7bf1d4b0_0 .net *"_ivl_3", 15 0, L_0x7fcd4f1510f0;  1 drivers
v0x55de7bf1d5e0_0 .net *"_ivl_4", 31 0, L_0x55de7bf33600;  1 drivers
L_0x7fcd4f151138 .functor BUFT 1, C4<0000000000000000>, C4<0>, C4<0>, C4<0>;
v0x55de7bf1d6c0_0 .net *"_ivl_7", 15 0, L_0x7fcd4f151138;  1 drivers
L_0x55de7bf33510 .concat [ 16 16 0 0], v0x55de7bf22140_0, L_0x7fcd4f1510f0;
L_0x55de7bf33600 .concat [ 16 16 0 0], v0x55de7bf22310_0, L_0x7fcd4f151138;
L_0x55de7bf33740 .arith/mult 32, L_0x55de7bf33510, L_0x55de7bf33600;
S_0x55de7bf1d820 .scope module, "nand16" "nand16" 2 36, 7 3 0, S_0x55de7bef0f40;
 .timescale -9 -12;
    .port_info 0 /INPUT 16 "A";
    .port_info 1 /INPUT 16 "B";
    .port_info 2 /OUTPUT 16 "Z";
L_0x55de7bf33920 .functor AND 16, v0x55de7bf22140_0, v0x55de7bf22310_0, C4<1111111111111111>, C4<1111111111111111>;
L_0x55de7bf33990 .functor NOT 16, L_0x55de7bf33920, C4<0000000000000000>, C4<0000000000000000>, C4<0000000000000000>;
v0x55de7bf1daa0_0 .net "A", 15 0, v0x55de7bf22140_0;  alias, 1 drivers
v0x55de7bf1db80_0 .net "B", 15 0, v0x55de7bf22310_0;  alias, 1 drivers
v0x55de7bf1dcd0_0 .net "Z", 15 0, L_0x55de7bf33990;  alias, 1 drivers
v0x55de7bf1dd90_0 .net *"_ivl_0", 15 0, L_0x55de7bf33920;  1 drivers
S_0x55de7bf1def0 .scope module, "nor16" "nor16" 2 37, 8 3 0, S_0x55de7bef0f40;
 .timescale -9 -12;
    .port_info 0 /INPUT 16 "A";
    .port_info 1 /INPUT 16 "B";
    .port_info 2 /OUTPUT 16 "Z";
L_0x55de7bf33aa0 .functor OR 16, v0x55de7bf22140_0, v0x55de7bf22310_0, C4<0000000000000000>, C4<0000000000000000>;
L_0x55de7bf33b10 .functor NOT 16, L_0x55de7bf33aa0, C4<0000000000000000>, C4<0000000000000000>, C4<0000000000000000>;
v0x55de7bf1e080_0 .net "A", 15 0, v0x55de7bf22140_0;  alias, 1 drivers
v0x55de7bf1e160_0 .net "B", 15 0, v0x55de7bf22310_0;  alias, 1 drivers
v0x55de7bf1e220_0 .net "Z", 15 0, L_0x55de7bf33b10;  alias, 1 drivers
v0x55de7bf1e2e0_0 .net *"_ivl_0", 15 0, L_0x55de7bf33aa0;  1 drivers
S_0x55de7bf1e440 .scope module, "not16" "not16" 2 38, 9 3 0, S_0x55de7bef0f40;
 .timescale -9 -12;
    .port_info 0 /INPUT 16 "A";
    .port_info 1 /INPUT 16 "B";
    .port_info 2 /OUTPUT 16 "Z";
L_0x55de7bf33c20 .functor NOT 16, v0x55de7bf22140_0, C4<0000000000000000>, C4<0000000000000000>, C4<0000000000000000>;
v0x55de7bf1e670_0 .net "A", 15 0, v0x55de7bf22140_0;  alias, 1 drivers
v0x55de7bf1e750_0 .net "B", 15 0, v0x55de7bf22310_0;  alias, 1 drivers
v0x55de7bf1e810_0 .net "Z", 15 0, L_0x55de7bf33c20;  alias, 1 drivers
S_0x55de7bf1e980 .scope module, "or16" "or16" 2 39, 10 3 0, S_0x55de7bef0f40;
 .timescale -9 -12;
    .port_info 0 /INPUT 16 "A";
    .port_info 1 /INPUT 16 "B";
    .port_info 2 /OUTPUT 16 "Z";
L_0x55de7bf33d20 .functor OR 16, v0x55de7bf22140_0, v0x55de7bf22310_0, C4<0000000000000000>, C4<0000000000000000>;
v0x55de7bf1ebb0_0 .net "A", 15 0, v0x55de7bf22140_0;  alias, 1 drivers
v0x55de7bf1ec90_0 .net "B", 15 0, v0x55de7bf22310_0;  alias, 1 drivers
v0x55de7bf1ed50_0 .net "Z", 15 0, L_0x55de7bf33d20;  alias, 1 drivers
S_0x55de7bf1eec0 .scope module, "shifter16" "shifter16" 2 41, 11 3 0, S_0x55de7bef0f40;
 .timescale -9 -12;
    .port_info 0 /INPUT 16 "data";
    .port_info 1 /INPUT 16 "shift_amount";
    .port_info 2 /INPUT 1 "sel";
    .port_info 3 /OUTPUT 16 "result";
v0x55de7bf1f1d0_0 .net *"_ivl_0", 31 0, L_0x55de7bf33e20;  1 drivers
v0x55de7bf1f2b0_0 .net *"_ivl_10", 15 0, L_0x55de7bf34110;  1 drivers
L_0x7fcd4f151180 .functor BUFT 1, C4<0000000000000000000000000000000>, C4<0>, C4<0>, C4<0>;
v0x55de7bf1f390_0 .net *"_ivl_3", 30 0, L_0x7fcd4f151180;  1 drivers
L_0x7fcd4f1511c8 .functor BUFT 1, C4<00000000000000000000000000000000>, C4<0>, C4<0>, C4<0>;
v0x55de7bf1f480_0 .net/2u *"_ivl_4", 31 0, L_0x7fcd4f1511c8;  1 drivers
v0x55de7bf1f560_0 .net *"_ivl_6", 0 0, L_0x55de7bf33f30;  1 drivers
v0x55de7bf1f620_0 .net *"_ivl_8", 15 0, L_0x55de7bf34070;  1 drivers
v0x55de7bf1f700_0 .net "data", 15 0, v0x55de7bf22140_0;  alias, 1 drivers
v0x55de7bf1f7c0_0 .net "result", 15 0, L_0x55de7bf341b0;  alias, 1 drivers
v0x55de7bf1f8a0_0 .net "sel", 0 0, v0x55de7bf22550_0;  alias, 1 drivers
v0x55de7bf1f940_0 .net "shift_amount", 15 0, v0x55de7bf22310_0;  alias, 1 drivers
L_0x55de7bf33e20 .concat [ 1 31 0 0], v0x55de7bf22550_0, L_0x7fcd4f151180;
L_0x55de7bf33f30 .cmp/eq 32, L_0x55de7bf33e20, L_0x7fcd4f1511c8;
L_0x55de7bf34070 .shift/l 16, v0x55de7bf22140_0, v0x55de7bf22310_0;
L_0x55de7bf34110 .shift/r 16, v0x55de7bf22140_0, v0x55de7bf22310_0;
L_0x55de7bf341b0 .functor MUXZ 16, L_0x55de7bf34110, L_0x55de7bf34070, L_0x55de7bf33f30, C4<>;
S_0x55de7bf1fa90 .scope module, "subtract16" "subtract16" 2 30, 12 3 0, S_0x55de7bef0f40;
 .timescale -9 -12;
    .port_info 0 /INPUT 16 "A";
    .port_info 1 /INPUT 16 "B";
    .port_info 2 /INPUT 1 "inCarry";
    .port_info 3 /OUTPUT 16 "ALUout";
    .port_info 4 /OUTPUT 1 "CARRYout";
v0x55de7bf1fc60_0 .net "A", 15 0, v0x55de7bf22140_0;  alias, 1 drivers
v0x55de7bf1fd40_0 .var "ALUout", 15 0;
v0x55de7bf1fe20_0 .net "B", 15 0, v0x55de7bf22310_0;  alias, 1 drivers
v0x55de7bf1fef0_0 .var "CARRYout", 0 0;
v0x55de7bf1ffb0_0 .net "inCarry", 0 0, v0x55de7bf22550_0;  alias, 1 drivers
E_0x55de7bece530 .event edge, v0x55de7bf1c280_0, v0x55de7bf1b9b0_0, v0x55de7be80e80_0;
S_0x55de7bf20190 .scope module, "xnor16" "xnor16" 2 43, 13 3 0, S_0x55de7bef0f40;
 .timescale -9 -12;
    .port_info 0 /INPUT 16 "A";
    .port_info 1 /INPUT 16 "B";
    .port_info 2 /OUTPUT 16 "Z";
L_0x55de7bf34390 .functor XOR 16, v0x55de7bf22140_0, v0x55de7bf22310_0, C4<0000000000000000>, C4<0000000000000000>;
L_0x55de7bf34400 .functor NOT 16, L_0x55de7bf34390, C4<0000000000000000>, C4<0000000000000000>, C4<0000000000000000>;
v0x55de7bf203e0_0 .net "A", 15 0, v0x55de7bf22140_0;  alias, 1 drivers
v0x55de7bf204c0_0 .net "B", 15 0, v0x55de7bf22310_0;  alias, 1 drivers
v0x55de7bf20580_0 .net "Z", 15 0, L_0x55de7bf34400;  alias, 1 drivers
v0x55de7bf20640_0 .net *"_ivl_0", 15 0, L_0x55de7bf34390;  1 drivers
S_0x55de7bf207a0 .scope module, "xor16" "xor16" 2 44, 14 3 0, S_0x55de7bef0f40;
 .timescale -9 -12;
    .port_info 0 /INPUT 16 "A";
    .port_info 1 /INPUT 16 "B";
    .port_info 2 /OUTPUT 16 "Z";
L_0x55de7bf34510 .functor XOR 16, v0x55de7bf22140_0, v0x55de7bf22310_0, C4<0000000000000000>, C4<0000000000000000>;
v0x55de7bf209d0_0 .net "A", 15 0, v0x55de7bf22140_0;  alias, 1 drivers
v0x55de7bf20ab0_0 .net "B", 15 0, v0x55de7bf22310_0;  alias, 1 drivers
v0x55de7bf20b70_0 .net "Z", 15 0, L_0x55de7bf34510;  alias, 1 drivers
    .scope S_0x55de7bf1fa90;
T_0 ;
    %wait E_0x55de7bece530;
    %load/vec4 v0x55de7bf1fc60_0;
    %pad/u 17;
    %load/vec4 v0x55de7bf1fe20_0;
    %pad/u 17;
    %sub;
    %load/vec4 v0x55de7bf1ffb0_0;
    %pad/u 17;
    %sub;
    %split/vec4 16;
    %store/vec4 v0x55de7bf1fd40_0, 0, 16;
    %store/vec4 v0x55de7bf1fef0_0, 0, 1;
    %load/vec4 v0x55de7bf1fc60_0;
    %load/vec4 v0x55de7bf1fe20_0;
    %load/vec4 v0x55de7bf1ffb0_0;
    %pad/u 16;
    %add;
    %cmp/u;
    %jmp/0xz  T_0.0, 5;
    %pushi/vec4 1, 0, 1;
    %store/vec4 v0x55de7bf1fef0_0, 0, 1;
    %jmp T_0.1;
T_0.0 ;
    %pushi/vec4 0, 0, 1;
    %store/vec4 v0x55de7bf1fef0_0, 0, 1;
T_0.1 ;
    %jmp T_0;
    .thread T_0, $push;
    .scope S_0x55de7bef0f40;
T_1 ;
    %wait E_0x55de7bece3b0;
    %pushi/vec4 65535, 65535, 16;
    %assign/vec4 v0x55de7bf20d70_0, 0;
    %pushi/vec4 1, 1, 1;
    %assign/vec4 v0x55de7bf20f20_0, 0;
    %load/vec4 v0x55de7bf219d0_0;
    %dup/vec4;
    %pushi/vec4 0, 0, 4;
    %cmp/u;
    %jmp/1 T_1.0, 6;
    %dup/vec4;
    %pushi/vec4 1, 0, 4;
    %cmp/u;
    %jmp/1 T_1.1, 6;
    %dup/vec4;
    %pushi/vec4 2, 0, 4;
    %cmp/u;
    %jmp/1 T_1.2, 6;
    %dup/vec4;
    %pushi/vec4 3, 0, 4;
    %cmp/u;
    %jmp/1 T_1.3, 6;
    %dup/vec4;
    %pushi/vec4 4, 0, 4;
    %cmp/u;
    %jmp/1 T_1.4, 6;
    %dup/vec4;
    %pushi/vec4 5, 0, 4;
    %cmp/u;
    %jmp/1 T_1.5, 6;
    %dup/vec4;
    %pushi/vec4 6, 0, 4;
    %cmp/u;
    %jmp/1 T_1.6, 6;
    %dup/vec4;
    %pushi/vec4 7, 0, 4;
    %cmp/u;
    %jmp/1 T_1.7, 6;
    %dup/vec4;
    %pushi/vec4 8, 0, 4;
    %cmp/u;
    %jmp/1 T_1.8, 6;
    %dup/vec4;
    %pushi/vec4 9, 0, 4;
    %cmp/u;
    %jmp/1 T_1.9, 6;
    %dup/vec4;
    %pushi/vec4 10, 0, 4;
    %cmp/u;
    %jmp/1 T_1.10, 6;
    %dup/vec4;
    %pushi/vec4 11, 0, 4;
    %cmp/u;
    %jmp/1 T_1.11, 6;
    %pushi/vec4 15, 15, 16;
    %assign/vec4 v0x55de7bf20d70_0, 0;
    %jmp T_1.13;
T_1.0 ;
    %load/vec4 v0x55de7bf212b0_0;
    %assign/vec4 v0x55de7bf20d70_0, 0;
    %jmp T_1.13;
T_1.1 ;
    %load/vec4 v0x55de7bf21760_0;
    %assign/vec4 v0x55de7bf20d70_0, 0;
    %jmp T_1.13;
T_1.2 ;
    %load/vec4 v0x55de7bf21b80_0;
    %assign/vec4 v0x55de7bf20d70_0, 0;
    %jmp T_1.13;
T_1.3 ;
    %load/vec4 v0x55de7bf21830_0;
    %assign/vec4 v0x55de7bf20d70_0, 0;
    %jmp T_1.13;
T_1.4 ;
    %load/vec4 v0x55de7bf21f90_0;
    %assign/vec4 v0x55de7bf20d70_0, 0;
    %jmp T_1.13;
T_1.5 ;
    %load/vec4 v0x55de7bf21ec0_0;
    %assign/vec4 v0x55de7bf20d70_0, 0;
    %jmp T_1.13;
T_1.6 ;
    %load/vec4 v0x55de7bf21900_0;
    %assign/vec4 v0x55de7bf20d70_0, 0;
    %jmp T_1.13;
T_1.7 ;
    %load/vec4 v0x55de7bf21d20_0;
    %assign/vec4 v0x55de7bf20d70_0, 0;
    %jmp T_1.13;
T_1.8 ;
    %load/vec4 v0x55de7bf211f0_0;
    %assign/vec4 v0x55de7bf20d70_0, 0;
    %load/vec4 v0x55de7bf21450_0;
    %assign/vec4 v0x55de7bf20f20_0, 0;
    %jmp T_1.13;
T_1.9 ;
    %load/vec4 v0x55de7bf21df0_0;
    %assign/vec4 v0x55de7bf20d70_0, 0;
    %load/vec4 v0x55de7bf21380_0;
    %assign/vec4 v0x55de7bf20f20_0, 0;
    %jmp T_1.13;
T_1.10 ;
    %load/vec4 v0x55de7bf21690_0;
    %assign/vec4 v0x55de7bf20fe0_0, 0;
    %jmp T_1.13;
T_1.11 ;
    %load/vec4 v0x55de7bf21520_0;
    %assign/vec4 v0x55de7bf20d70_0, 0;
    %load/vec4 v0x55de7bf21c50_0;
    %pad/u 32;
    %assign/vec4 v0x55de7bf21110_0, 0;
    %jmp T_1.13;
T_1.13 ;
    %pop/vec4 1;
    %jmp T_1;
    .thread T_1, $push;
    .scope S_0x55de7bef17a0;
T_2 ;
    %vpi_call 2 98 "$dumpfile", "ALU16.vcd" {0 0 0};
    %vpi_call 2 99 "$dumpvars", 32'sb00000000000000000000000000000000, S_0x55de7bef17a0 {0 0 0};
    %vpi_call 2 100 "$display", "ALU16 simulation started." {0 0 0};
    %pushi/vec4 15, 0, 4;
    %store/vec4 v0x55de7bf225f0_0, 0, 4;
    %delay 10000, 0;
    %pushi/vec4 0, 0, 16;
    %store/vec4 v0x55de7bf22140_0, 0, 16;
    %pushi/vec4 0, 0, 16;
    %store/vec4 v0x55de7bf22310_0, 0, 16;
    %pushi/vec4 0, 0, 4;
    %store/vec4 v0x55de7bf225f0_0, 0, 4;
    %delay 10000, 0;
    %pushi/vec4 0, 0, 16;
    %store/vec4 v0x55de7bf22140_0, 0, 16;
    %pushi/vec4 65535, 0, 16;
    %store/vec4 v0x55de7bf22310_0, 0, 16;
    %pushi/vec4 0, 0, 4;
    %store/vec4 v0x55de7bf225f0_0, 0, 4;
    %delay 10000, 0;
    %pushi/vec4 61680, 0, 16;
    %store/vec4 v0x55de7bf22140_0, 0, 16;
    %pushi/vec4 65295, 0, 16;
    %store/vec4 v0x55de7bf22310_0, 0, 16;
    %pushi/vec4 0, 0, 4;
    %store/vec4 v0x55de7bf225f0_0, 0, 4;
    %delay 10000, 0;
    %pushi/vec4 21845, 0, 16;
    %store/vec4 v0x55de7bf22140_0, 0, 16;
    %pushi/vec4 43690, 0, 16;
    %store/vec4 v0x55de7bf22310_0, 0, 16;
    %pushi/vec4 0, 0, 4;
    %store/vec4 v0x55de7bf225f0_0, 0, 4;
    %delay 10000, 0;
    %pushi/vec4 15, 0, 4;
    %store/vec4 v0x55de7bf225f0_0, 0, 4;
    %delay 10000, 0;
    %pushi/vec4 0, 0, 16;
    %store/vec4 v0x55de7bf22140_0, 0, 16;
    %pushi/vec4 0, 0, 16;
    %store/vec4 v0x55de7bf22310_0, 0, 16;
    %pushi/vec4 1, 0, 4;
    %store/vec4 v0x55de7bf225f0_0, 0, 4;
    %delay 10000, 0;
    %pushi/vec4 0, 0, 16;
    %store/vec4 v0x55de7bf22140_0, 0, 16;
    %pushi/vec4 65535, 0, 16;
    %store/vec4 v0x55de7bf22310_0, 0, 16;
    %pushi/vec4 1, 0, 4;
    %store/vec4 v0x55de7bf225f0_0, 0, 4;
    %delay 10000, 0;
    %pushi/vec4 61680, 0, 16;
    %store/vec4 v0x55de7bf22140_0, 0, 16;
    %pushi/vec4 65295, 0, 16;
    %store/vec4 v0x55de7bf22310_0, 0, 16;
    %pushi/vec4 1, 0, 4;
    %store/vec4 v0x55de7bf225f0_0, 0, 4;
    %delay 10000, 0;
    %pushi/vec4 21845, 0, 16;
    %store/vec4 v0x55de7bf22140_0, 0, 16;
    %pushi/vec4 43690, 0, 16;
    %store/vec4 v0x55de7bf22310_0, 0, 16;
    %pushi/vec4 1, 0, 4;
    %store/vec4 v0x55de7bf225f0_0, 0, 4;
    %delay 10000, 0;
    %pushi/vec4 15, 0, 4;
    %store/vec4 v0x55de7bf225f0_0, 0, 4;
    %delay 10000, 0;
    %pushi/vec4 0, 0, 16;
    %store/vec4 v0x55de7bf22140_0, 0, 16;
    %pushi/vec4 0, 0, 16;
    %store/vec4 v0x55de7bf22310_0, 0, 16;
    %pushi/vec4 2, 0, 4;
    %store/vec4 v0x55de7bf225f0_0, 0, 4;
    %delay 10000, 0;
    %pushi/vec4 0, 0, 16;
    %store/vec4 v0x55de7bf22140_0, 0, 16;
    %pushi/vec4 65535, 0, 16;
    %store/vec4 v0x55de7bf22310_0, 0, 16;
    %pushi/vec4 2, 0, 4;
    %store/vec4 v0x55de7bf225f0_0, 0, 4;
    %delay 10000, 0;
    %pushi/vec4 61680, 0, 16;
    %store/vec4 v0x55de7bf22140_0, 0, 16;
    %pushi/vec4 65295, 0, 16;
    %store/vec4 v0x55de7bf22310_0, 0, 16;
    %pushi/vec4 2, 0, 4;
    %store/vec4 v0x55de7bf225f0_0, 0, 4;
    %delay 10000, 0;
    %pushi/vec4 21845, 0, 16;
    %store/vec4 v0x55de7bf22140_0, 0, 16;
    %pushi/vec4 43690, 0, 16;
    %store/vec4 v0x55de7bf22310_0, 0, 16;
    %pushi/vec4 2, 0, 4;
    %store/vec4 v0x55de7bf225f0_0, 0, 4;
    %delay 10000, 0;
    %pushi/vec4 15, 0, 4;
    %store/vec4 v0x55de7bf225f0_0, 0, 4;
    %delay 10000, 0;
    %pushi/vec4 0, 0, 16;
    %store/vec4 v0x55de7bf22140_0, 0, 16;
    %pushi/vec4 0, 0, 16;
    %store/vec4 v0x55de7bf22310_0, 0, 16;
    %pushi/vec4 3, 0, 4;
    %store/vec4 v0x55de7bf225f0_0, 0, 4;
    %delay 10000, 0;
    %pushi/vec4 0, 0, 16;
    %store/vec4 v0x55de7bf22140_0, 0, 16;
    %pushi/vec4 65535, 0, 16;
    %store/vec4 v0x55de7bf22310_0, 0, 16;
    %pushi/vec4 3, 0, 4;
    %store/vec4 v0x55de7bf225f0_0, 0, 4;
    %delay 10000, 0;
    %pushi/vec4 61680, 0, 16;
    %store/vec4 v0x55de7bf22140_0, 0, 16;
    %pushi/vec4 65295, 0, 16;
    %store/vec4 v0x55de7bf22310_0, 0, 16;
    %pushi/vec4 3, 0, 4;
    %store/vec4 v0x55de7bf225f0_0, 0, 4;
    %delay 10000, 0;
    %pushi/vec4 21845, 0, 16;
    %store/vec4 v0x55de7bf22140_0, 0, 16;
    %pushi/vec4 43690, 0, 16;
    %store/vec4 v0x55de7bf22310_0, 0, 16;
    %pushi/vec4 3, 0, 4;
    %store/vec4 v0x55de7bf225f0_0, 0, 4;
    %delay 10000, 0;
    %pushi/vec4 15, 0, 4;
    %store/vec4 v0x55de7bf225f0_0, 0, 4;
    %delay 10000, 0;
    %pushi/vec4 0, 0, 16;
    %store/vec4 v0x55de7bf22140_0, 0, 16;
    %pushi/vec4 0, 0, 16;
    %store/vec4 v0x55de7bf22310_0, 0, 16;
    %pushi/vec4 4, 0, 4;
    %store/vec4 v0x55de7bf225f0_0, 0, 4;
    %delay 10000, 0;
    %pushi/vec4 0, 0, 16;
    %store/vec4 v0x55de7bf22140_0, 0, 16;
    %pushi/vec4 65535, 0, 16;
    %store/vec4 v0x55de7bf22310_0, 0, 16;
    %pushi/vec4 4, 0, 4;
    %store/vec4 v0x55de7bf225f0_0, 0, 4;
    %delay 10000, 0;
    %pushi/vec4 61680, 0, 16;
    %store/vec4 v0x55de7bf22140_0, 0, 16;
    %pushi/vec4 65295, 0, 16;
    %store/vec4 v0x55de7bf22310_0, 0, 16;
    %pushi/vec4 4, 0, 4;
    %store/vec4 v0x55de7bf225f0_0, 0, 4;
    %delay 10000, 0;
    %pushi/vec4 21845, 0, 16;
    %store/vec4 v0x55de7bf22140_0, 0, 16;
    %pushi/vec4 43690, 0, 16;
    %store/vec4 v0x55de7bf22310_0, 0, 16;
    %pushi/vec4 4, 0, 4;
    %store/vec4 v0x55de7bf225f0_0, 0, 4;
    %delay 10000, 0;
    %pushi/vec4 15, 0, 4;
    %store/vec4 v0x55de7bf225f0_0, 0, 4;
    %delay 10000, 0;
    %pushi/vec4 0, 0, 16;
    %store/vec4 v0x55de7bf22140_0, 0, 16;
    %pushi/vec4 0, 0, 16;
    %store/vec4 v0x55de7bf22310_0, 0, 16;
    %pushi/vec4 5, 0, 4;
    %store/vec4 v0x55de7bf225f0_0, 0, 4;
    %delay 10000, 0;
    %pushi/vec4 0, 0, 16;
    %store/vec4 v0x55de7bf22140_0, 0, 16;
    %pushi/vec4 65535, 0, 16;
    %store/vec4 v0x55de7bf22310_0, 0, 16;
    %pushi/vec4 5, 0, 4;
    %store/vec4 v0x55de7bf225f0_0, 0, 4;
    %delay 10000, 0;
    %pushi/vec4 61680, 0, 16;
    %store/vec4 v0x55de7bf22140_0, 0, 16;
    %pushi/vec4 65295, 0, 16;
    %store/vec4 v0x55de7bf22310_0, 0, 16;
    %pushi/vec4 5, 0, 4;
    %store/vec4 v0x55de7bf225f0_0, 0, 4;
    %delay 10000, 0;
    %pushi/vec4 21845, 0, 16;
    %store/vec4 v0x55de7bf22140_0, 0, 16;
    %pushi/vec4 43690, 0, 16;
    %store/vec4 v0x55de7bf22310_0, 0, 16;
    %pushi/vec4 5, 0, 4;
    %store/vec4 v0x55de7bf225f0_0, 0, 4;
    %delay 10000, 0;
    %pushi/vec4 15, 0, 4;
    %store/vec4 v0x55de7bf225f0_0, 0, 4;
    %delay 10000, 0;
    %pushi/vec4 0, 0, 16;
    %store/vec4 v0x55de7bf22140_0, 0, 16;
    %pushi/vec4 0, 0, 16;
    %store/vec4 v0x55de7bf22310_0, 0, 16;
    %pushi/vec4 6, 0, 4;
    %store/vec4 v0x55de7bf225f0_0, 0, 4;
    %delay 10000, 0;
    %pushi/vec4 0, 0, 16;
    %store/vec4 v0x55de7bf22140_0, 0, 16;
    %pushi/vec4 65535, 0, 16;
    %store/vec4 v0x55de7bf22310_0, 0, 16;
    %pushi/vec4 6, 0, 4;
    %store/vec4 v0x55de7bf225f0_0, 0, 4;
    %delay 10000, 0;
    %pushi/vec4 61680, 0, 16;
    %store/vec4 v0x55de7bf22140_0, 0, 16;
    %pushi/vec4 65295, 0, 16;
    %store/vec4 v0x55de7bf22310_0, 0, 16;
    %pushi/vec4 6, 0, 4;
    %store/vec4 v0x55de7bf225f0_0, 0, 4;
    %delay 10000, 0;
    %pushi/vec4 21845, 0, 16;
    %store/vec4 v0x55de7bf22140_0, 0, 16;
    %pushi/vec4 43690, 0, 16;
    %store/vec4 v0x55de7bf22310_0, 0, 16;
    %pushi/vec4 6, 0, 4;
    %store/vec4 v0x55de7bf225f0_0, 0, 4;
    %delay 10000, 0;
    %pushi/vec4 15, 0, 4;
    %store/vec4 v0x55de7bf225f0_0, 0, 4;
    %delay 10000, 0;
    %pushi/vec4 0, 0, 16;
    %store/vec4 v0x55de7bf22140_0, 0, 16;
    %pushi/vec4 1, 0, 16;
    %store/vec4 v0x55de7bf22310_0, 0, 16;
    %pushi/vec4 0, 0, 1;
    %store/vec4 v0x55de7bf22550_0, 0, 1;
    %pushi/vec4 7, 0, 4;
    %store/vec4 v0x55de7bf225f0_0, 0, 4;
    %delay 10000, 0;
    %pushi/vec4 21845, 0, 16;
    %store/vec4 v0x55de7bf22140_0, 0, 16;
    %pushi/vec4 3, 0, 16;
    %store/vec4 v0x55de7bf22310_0, 0, 16;
    %pushi/vec4 0, 0, 1;
    %store/vec4 v0x55de7bf22550_0, 0, 1;
    %pushi/vec4 7, 0, 4;
    %store/vec4 v0x55de7bf225f0_0, 0, 4;
    %delay 10000, 0;
    %pushi/vec4 43690, 0, 16;
    %store/vec4 v0x55de7bf22140_0, 0, 16;
    %pushi/vec4 5, 0, 16;
    %store/vec4 v0x55de7bf22310_0, 0, 16;
    %pushi/vec4 1, 0, 1;
    %store/vec4 v0x55de7bf22550_0, 0, 1;
    %pushi/vec4 7, 0, 4;
    %store/vec4 v0x55de7bf225f0_0, 0, 4;
    %delay 10000, 0;
    %pushi/vec4 32768, 0, 16;
    %store/vec4 v0x55de7bf22140_0, 0, 16;
    %pushi/vec4 4, 0, 16;
    %store/vec4 v0x55de7bf22310_0, 0, 16;
    %pushi/vec4 1, 0, 1;
    %store/vec4 v0x55de7bf22550_0, 0, 1;
    %pushi/vec4 7, 0, 4;
    %store/vec4 v0x55de7bf225f0_0, 0, 4;
    %delay 10000, 0;
    %pushi/vec4 15, 0, 4;
    %store/vec4 v0x55de7bf225f0_0, 0, 4;
    %delay 10000, 0;
    %pushi/vec4 32767, 0, 16;
    %store/vec4 v0x55de7bf22140_0, 0, 16;
    %pushi/vec4 32767, 0, 16;
    %store/vec4 v0x55de7bf22310_0, 0, 16;
    %pushi/vec4 0, 0, 1;
    %store/vec4 v0x55de7bf22550_0, 0, 1;
    %pushi/vec4 8, 0, 4;
    %store/vec4 v0x55de7bf225f0_0, 0, 4;
    %delay 10000, 0;
    %pushi/vec4 65535, 0, 16;
    %store/vec4 v0x55de7bf22140_0, 0, 16;
    %pushi/vec4 1, 0, 16;
    %store/vec4 v0x55de7bf22310_0, 0, 16;
    %pushi/vec4 1, 0, 1;
    %store/vec4 v0x55de7bf22550_0, 0, 1;
    %pushi/vec4 8, 0, 4;
    %store/vec4 v0x55de7bf225f0_0, 0, 4;
    %delay 10000, 0;
    %pushi/vec4 65534, 0, 16;
    %store/vec4 v0x55de7bf22140_0, 0, 16;
    %pushi/vec4 0, 0, 16;
    %store/vec4 v0x55de7bf22310_0, 0, 16;
    %pushi/vec4 1, 0, 1;
    %store/vec4 v0x55de7bf22550_0, 0, 1;
    %pushi/vec4 8, 0, 4;
    %store/vec4 v0x55de7bf225f0_0, 0, 4;
    %delay 10000, 0;
    %pushi/vec4 65534, 0, 16;
    %store/vec4 v0x55de7bf22140_0, 0, 16;
    %pushi/vec4 0, 0, 16;
    %store/vec4 v0x55de7bf22310_0, 0, 16;
    %pushi/vec4 1, 0, 1;
    %store/vec4 v0x55de7bf22550_0, 0, 1;
    %pushi/vec4 8, 0, 4;
    %store/vec4 v0x55de7bf225f0_0, 0, 4;
    %delay 10000, 0;
    %pushi/vec4 15, 0, 4;
    %store/vec4 v0x55de7bf225f0_0, 0, 4;
    %delay 10000, 0;
    %pushi/vec4 55555, 0, 16;
    %store/vec4 v0x55de7bf22140_0, 0, 16;
    %pushi/vec4 0, 0, 16;
    %store/vec4 v0x55de7bf22310_0, 0, 16;
    %pushi/vec4 0, 0, 1;
    %store/vec4 v0x55de7bf22550_0, 0, 1;
    %pushi/vec4 9, 0, 4;
    %store/vec4 v0x55de7bf225f0_0, 0, 4;
    %delay 10000, 0;
    %pushi/vec4 30000, 0, 16;
    %store/vec4 v0x55de7bf22140_0, 0, 16;
    %pushi/vec4 30000, 0, 16;
    %store/vec4 v0x55de7bf22310_0, 0, 16;
    %pushi/vec4 1, 0, 1;
    %store/vec4 v0x55de7bf22550_0, 0, 1;
    %pushi/vec4 9, 0, 4;
    %store/vec4 v0x55de7bf225f0_0, 0, 4;
    %delay 10000, 0;
    %pushi/vec4 65535, 0, 16;
    %store/vec4 v0x55de7bf22140_0, 0, 16;
    %pushi/vec4 1, 0, 16;
    %store/vec4 v0x55de7bf22310_0, 0, 16;
    %pushi/vec4 0, 0, 1;
    %store/vec4 v0x55de7bf22550_0, 0, 1;
    %pushi/vec4 9, 0, 4;
    %store/vec4 v0x55de7bf225f0_0, 0, 4;
    %delay 10000, 0;
    %pushi/vec4 0, 0, 16;
    %store/vec4 v0x55de7bf22140_0, 0, 16;
    %pushi/vec4 1, 0, 16;
    %store/vec4 v0x55de7bf22310_0, 0, 16;
    %pushi/vec4 0, 0, 1;
    %store/vec4 v0x55de7bf22550_0, 0, 1;
    %pushi/vec4 9, 0, 4;
    %store/vec4 v0x55de7bf225f0_0, 0, 4;
    %delay 10000, 0;
    %pushi/vec4 15, 0, 4;
    %store/vec4 v0x55de7bf225f0_0, 0, 4;
    %delay 10000, 0;
    %pushi/vec4 0, 0, 16;
    %store/vec4 v0x55de7bf22140_0, 0, 16;
    %pushi/vec4 55555, 0, 16;
    %store/vec4 v0x55de7bf22310_0, 0, 16;
    %pushi/vec4 10, 0, 4;
    %store/vec4 v0x55de7bf225f0_0, 0, 4;
    %delay 10000, 0;
    %pushi/vec4 1, 0, 16;
    %store/vec4 v0x55de7bf22140_0, 0, 16;
    %pushi/vec4 55555, 0, 16;
    %store/vec4 v0x55de7bf22310_0, 0, 16;
    %pushi/vec4 10, 0, 4;
    %store/vec4 v0x55de7bf225f0_0, 0, 4;
    %delay 10000, 0;
    %pushi/vec4 25, 0, 16;
    %store/vec4 v0x55de7bf22140_0, 0, 16;
    %pushi/vec4 5, 0, 16;
    %store/vec4 v0x55de7bf22310_0, 0, 16;
    %pushi/vec4 10, 0, 4;
    %store/vec4 v0x55de7bf225f0_0, 0, 4;
    %delay 10000, 0;
    %pushi/vec4 256, 0, 16;
    %store/vec4 v0x55de7bf22140_0, 0, 16;
    %pushi/vec4 256, 0, 16;
    %store/vec4 v0x55de7bf22310_0, 0, 16;
    %pushi/vec4 10, 0, 4;
    %store/vec4 v0x55de7bf225f0_0, 0, 4;
    %delay 10000, 0;
    %pushi/vec4 15, 0, 4;
    %store/vec4 v0x55de7bf225f0_0, 0, 4;
    %delay 10000, 0;
    %pushi/vec4 55555, 0, 16;
    %store/vec4 v0x55de7bf22140_0, 0, 16;
    %pushi/vec4 1, 0, 16;
    %store/vec4 v0x55de7bf22310_0, 0, 16;
    %pushi/vec4 11, 0, 4;
    %store/vec4 v0x55de7bf225f0_0, 0, 4;
    %delay 10000, 0;
    %pushi/vec4 0, 0, 16;
    %store/vec4 v0x55de7bf22140_0, 0, 16;
    %pushi/vec4 55555, 0, 16;
    %store/vec4 v0x55de7bf22310_0, 0, 16;
    %pushi/vec4 11, 0, 4;
    %store/vec4 v0x55de7bf225f0_0, 0, 4;
    %delay 10000, 0;
    %pushi/vec4 1, 0, 16;
    %store/vec4 v0x55de7bf22140_0, 0, 16;
    %pushi/vec4 0, 0, 16;
    %store/vec4 v0x55de7bf22310_0, 0, 16;
    %pushi/vec4 11, 0, 4;
    %store/vec4 v0x55de7bf225f0_0, 0, 4;
    %delay 10000, 0;
    %pushi/vec4 65535, 0, 16;
    %store/vec4 v0x55de7bf22140_0, 0, 16;
    %pushi/vec4 2, 0, 16;
    %store/vec4 v0x55de7bf22310_0, 0, 16;
    %pushi/vec4 11, 0, 4;
    %store/vec4 v0x55de7bf225f0_0, 0, 4;
    %delay 10000, 0;
    %pushi/vec4 15, 0, 4;
    %store/vec4 v0x55de7bf225f0_0, 0, 4;
    %delay 10000, 0;
    %vpi_call 2 466 "$finish" {0 0 0};
    %end;
    .thread T_2;
# The file index is used to find the file name in the following table.
:file_names 15;
    "N/A";
    "<interactive>";
    "ALU16.v";
    "./add.v";
    "./and.v";
    "./division.v";
    "./multiplication.v";
    "./nand.v";
    "./nor.v";
    "./not.v";
    "./or.v";
    "./shifter.v";
    "./subtract.v";
    "./xnor.v";
    "./xor.v";
